\BOOKMARK [0][-]{section*.1}{\376\377\000C\000o\000n\000t\000e\000n\000t\000s}{}% 1
\BOOKMARK [0][-]{chapter.1}{\376\377\000Q\000u\000e\000s\000t\000i\000o\000n\000s\000,\000\040\000P\000r\000o\000b\000l\000e\000m\000s\000,\000\040\000a\000n\000d\000\040\000W\000o\000r\000l\000d\000\040\000V\000i\000e\000w\000s}{}% 2
\BOOKMARK [0][-]{chapter.2}{\376\377\000H\000a\000b\000i\000t\000s\000\040\000o\000f\000\040\000G\000o\000o\000d\000\040\000a\000n\000d\000\040\000B\000a\000d\000\040\000T\000h\000i\000n\000k\000i\000n\000g}{}% 3
\BOOKMARK [0][-]{chapter.3}{\376\377\000T\000h\000e\000\040\000B\000a\000s\000i\000c\000s\000\040\000o\000f\000\040\000L\000o\000g\000i\000c\000a\000l\000\040\000A\000n\000a\000l\000y\000s\000i\000s}{}% 4
\BOOKMARK [1][-]{section*.2}{\376\377\000W\000h\000a\000t\000\040\000I\000s\000\040\000L\000o\000g\000i\000c\000?}{chapter.3}% 5
\BOOKMARK [2][-]{section*.3}{\376\377\000B\000a\000s\000i\000c\000\040\000N\000o\000t\000i\000o\000n\000s\000:\000\040\000P\000r\000o\000p\000o\000s\000i\000t\000i\000o\000n\000s\000\040\000a\000n\000d\000\040\000A\000r\000g\000u\000m\000e\000n\000t\000s}{section*.2}% 6
\BOOKMARK [2][-]{section*.4}{\376\377\000R\000e\000c\000o\000g\000n\000i\000z\000i\000n\000g\000\040\000a\000n\000d\000\040\000E\000x\000p\000l\000i\000c\000a\000t\000i\000n\000g\000\040\000A\000r\000g\000u\000m\000e\000n\000t\000s}{section*.2}% 7
\BOOKMARK [3][-]{section*.5}{\376\377\000P\000a\000r\000a\000p\000h\000r\000a\000s\000i\000n\000g}{section*.4}% 8
\BOOKMARK [3][-]{section*.6}{\376\377\000E\000n\000t\000h\000y\000m\000e\000m\000e\000s\000:\000\040\000T\000a\000c\000i\000t\000\040\000P\000r\000o\000p\000o\000s\000i\000t\000i\000o\000n\000s}{section*.4}% 9
\BOOKMARK [3][-]{section*.7}{\376\377\000A\000r\000g\000u\000m\000e\000n\000t\000s\000\040\000v\000\040\000E\000x\000p\000l\000a\000n\000a\000t\000i\000o\000n\000s}{section*.4}% 10
\BOOKMARK [2][-]{section*.8}{\376\377\000D\000e\000d\000u\000c\000t\000i\000v\000e\000\040\000a\000n\000d\000\040\000I\000n\000d\000u\000c\000t\000i\000v\000e\000\040\000A\000r\000g\000u\000m\000e\000n\000t\000s}{section*.2}% 11
\BOOKMARK [2][-]{section*.9}{\376\377\000D\000i\000a\000g\000r\000a\000m\000m\000i\000n\000g\000\040\000A\000r\000g\000u\000m\000e\000n\000t\000s}{section*.2}% 12
\BOOKMARK [3][-]{section*.10}{\376\377\000I\000n\000d\000e\000p\000e\000n\000d\000e\000n\000t\000\040\000P\000r\000e\000m\000i\000s\000e\000s}{section*.9}% 13
\BOOKMARK [3][-]{section*.11}{\376\377\000I\000n\000t\000e\000r\000m\000e\000d\000i\000a\000t\000e\000\040\000P\000r\000e\000m\000i\000s\000e\000s}{section*.9}% 14
\BOOKMARK [3][-]{section*.12}{\376\377\000J\000o\000i\000n\000t\000\040\000P\000r\000e\000m\000i\000s\000e\000s}{section*.9}% 15
\BOOKMARK [0][-]{chapter.4}{\376\377\000D\000e\000d\000u\000c\000t\000i\000v\000e\000\040\000a\000n\000d\000\040\000I\000n\000d\000u\000c\000t\000i\000v\000e\000\040\000A\000r\000g\000u\000m\000e\000n\000t\000s}{}% 16
\BOOKMARK [1][-]{section*.13}{\376\377\000D\000e\000d\000u\000c\000t\000i\000v\000e\000\040\000A\000r\000g\000u\000m\000e\000n\000t\000s}{chapter.4}% 17
\BOOKMARK [2][-]{section*.14}{\376\377\000I\000n\000d\000u\000c\000t\000i\000v\000e\000\040\000A\000r\000g\000u\000m\000e\000n\000t\000s}{section*.13}% 18
\BOOKMARK [2][-]{section*.15}{\376\377\000A\000r\000g\000u\000m\000e\000n\000t\000s\000\040\000w\000i\000t\000h\000\040\000m\000i\000s\000s\000i\000n\000g\000\040\000p\000r\000e\000m\000i\000s\000e\000s}{section*.13}% 19
\BOOKMARK [0][-]{chapter.5}{\376\377\000I\000n\000d\000u\000c\000t\000i\000o\000n}{}% 20
\BOOKMARK [1][-]{section*.16}{\376\377\000I\000n\000d\000u\000c\000t\000i\000v\000e\000\040\000a\000r\000g\000u\000m\000e\000n\000t\000a\000t\000i\000o\000n}{chapter.5}% 21
\BOOKMARK [2][-]{section*.17}{\376\377\000P\000r\000e\000d\000i\000c\000t\000i\000n\000g\000\040\000t\000h\000e\000\040\000F\000u\000t\000u\000r\000e}{section*.16}% 22
\BOOKMARK [3][-]{section*.18}{\376\377\000E\000x\000p\000l\000a\000i\000n\000i\000n\000g\000\040\000C\000o\000m\000m\000o\000n\000\040\000O\000c\000c\000u\000r\000r\000e\000n\000c\000e\000s}{section*.17}% 23
\BOOKMARK [3][-]{section*.19}{\376\377\000G\000e\000n\000e\000r\000a\000l\000i\000z\000i\000n\000g}{section*.17}% 24
\BOOKMARK [2][-]{section*.20}{\376\377\000I\000n\000d\000u\000c\000t\000i\000v\000e\000\040\000G\000e\000n\000e\000r\000a\000l\000i\000z\000a\000t\000i\000o\000n}{section*.16}% 25
\BOOKMARK [2][-]{section*.21}{\376\377\000S\000t\000a\000t\000i\000s\000t\000i\000c\000a\000l\000\040\000S\000y\000l\000l\000o\000g\000i\000s\000m}{section*.16}% 26
\BOOKMARK [2][-]{section*.22}{\376\377\000I\000n\000d\000u\000c\000t\000i\000v\000e\000\040\000G\000e\000n\000e\000r\000a\000l\000i\000z\000a\000t\000i\000o\000n\000\040\000\050\000I\000G\000\051}{section*.16}% 27
\BOOKMARK [1][-]{section.5.1}{\376\377\000P\000o\000t\000e\000n\000t\000i\000a\000l\000\040\000P\000r\000o\000b\000l\000e\000m\000s\000\040\000w\000i\000t\000h\000\040\000I\000n\000d\000u\000c\000t\000i\000v\000e\000\040\000a\000r\000g\000u\000m\000e\000n\000t\000s\000\040\000a\000n\000d\000\040\000s\000t\000a\000t\000i\000s\000t\000i\000c\000a\000l\000\040\000g\000e\000n\000e\000r\000a\000l\000i\000z\000a\000t\000i\000o\000n\000s}{chapter.5}% 28
\BOOKMARK [0][-]{chapter.6}{\376\377\000C\000a\000u\000s\000a\000l\000\040\000r\000e\000a\000s\000o\000n\000i\000n\000g}{}% 29
\BOOKMARK [1][-]{section*.23}{\376\377\000C\000a\000u\000s\000a\000l\000\040\000R\000e\000a\000s\000o\000n\000i\000n\000g}{chapter.6}% 30
\BOOKMARK [2][-]{section*.24}{\376\377\000T\000h\000e\000\040\000M\000e\000a\000n\000i\000n\000g\000\050\000s\000\051\000\040\000o\000f\000\040\000`\000C\000a\000u\000s\000e\000'}{section*.23}% 31
\BOOKMARK [3][-]{section*.25}{\376\377\000M\000i\000l\000l\000'\000s\000\040\000M\000e\000t\000h\000o\000d\000s}{section*.24}% 32
\BOOKMARK [4][-]{section*.26}{\376\377\000M\000e\000t\000h\000o\000d\000\040\000o\000f\000\040\000A\000g\000r\000e\000e\000m\000e\000n\000t}{section*.25}% 33
\BOOKMARK [4][-]{section*.27}{\376\377\000M\000e\000t\000h\000o\000d\000\040\000o\000f\000\040\000D\000i\000f\000f\000e\000r\000e\000n\000c\000e}{section*.25}% 34
\BOOKMARK [4][-]{section*.28}{\376\377\000J\000o\000i\000n\000t\000\040\000M\000e\000t\000h\000o\000d\000\040\000o\000f\000\040\000A\000g\000r\000e\000e\000m\000e\000n\000t\000\040\000a\000n\000d\000\040\000D\000i\000f\000f\000e\000r\000e\000n\000c\000e}{section*.25}% 35
\BOOKMARK [4][-]{section*.29}{\376\377\000M\000e\000t\000h\000o\000d\000\040\000o\000f\000\040\000R\000e\000s\000i\000d\000u\000e\000s}{section*.25}% 36
\BOOKMARK [4][-]{section*.30}{\376\377\000M\000e\000t\000h\000o\000d\000\040\000o\000f\000\040\000C\000o\000n\000c\000o\000m\000i\000t\000a\000n\000t\000\040\000V\000a\000r\000i\000a\000t\000i\000o\000n}{section*.25}% 37
\BOOKMARK [3][-]{section*.31}{\376\377\000T\000h\000e\000\040\000D\000i\000f\000f\000i\000c\000u\000l\000t\000y\000\040\000o\000f\000\040\000I\000s\000o\000l\000a\000t\000i\000n\000g\000\040\000C\000a\000u\000s\000e\000s}{section*.24}% 38
\BOOKMARK [0][-]{chapter.7}{\376\377\000A\000n\000a\000l\000o\000g\000i\000c\000a\000l\000\040\000a\000r\000g\000u\000m\000e\000n\000t\000s}{}% 39
\BOOKMARK [1][-]{section*.32}{\376\377\000I\000n\000d\000u\000c\000t\000i\000v\000e\000\040\000L\000o\000g\000i\000c\000s}{chapter.7}% 40
\BOOKMARK [2][-]{section*.33}{\376\377\000A\000r\000g\000u\000m\000e\000n\000t\000s\000\040\000f\000r\000o\000m\000\040\000A\000n\000a\000l\000o\000g\000y}{section*.32}% 41
\BOOKMARK [3][-]{section*.34}{\376\377\000T\000h\000e\000\040\000F\000o\000r\000m\000\040\000o\000f\000\040\000A\000n\000a\000l\000o\000g\000i\000c\000a\000l\000\040\000A\000r\000g\000u\000m\000e\000n\000t\000s}{section*.33}% 42
\BOOKMARK [3][-]{section*.35}{\376\377\000T\000h\000e\000\040\000E\000v\000a\000l\000u\000a\000t\000i\000o\000n\000\040\000o\000f\000\040\000A\000n\000a\000l\000o\000g\000i\000c\000a\000l\000\040\000A\000r\000g\000u\000m\000e\000n\000t\000s}{section*.33}% 43
\BOOKMARK [4][-]{section*.36}{\376\377\000N\000u\000m\000b\000e\000r\000\040\000o\000f\000\040\000A\000n\000a\000l\000o\000g\000u\000e\000s}{section*.35}% 44
\BOOKMARK [4][-]{section*.37}{\376\377\000V\000a\000r\000i\000e\000t\000y\000\040\000o\000f\000\040\000A\000n\000a\000l\000o\000g\000u\000e\000s}{section*.35}% 45
\BOOKMARK [4][-]{section*.38}{\376\377\000N\000u\000m\000b\000e\000r\000\040\000o\000f\000\040\000S\000i\000m\000i\000l\000a\000r\000i\000t\000i\000e\000s}{section*.35}% 46
\BOOKMARK [4][-]{section*.39}{\376\377\000N\000u\000m\000b\000e\000r\000\040\000o\000f\000\040\000D\000i\000f\000f\000e\000r\000e\000n\000c\000e\000s}{section*.35}% 47
\BOOKMARK [4][-]{section*.40}{\376\377\000R\000e\000l\000e\000v\000a\000n\000c\000e\000\040\000o\000f\000\040\000S\000i\000m\000i\000l\000a\000r\000i\000t\000i\000e\000s\000\040\000a\000n\000d\000\040\000D\000i\000f\000f\000e\000r\000e\000n\000c\000e\000s}{section*.35}% 48
\BOOKMARK [4][-]{section*.41}{\376\377\000M\000o\000d\000e\000s\000t\000y\000/\000A\000m\000b\000i\000t\000i\000o\000n\000\040\000o\000f\000\040\000t\000h\000e\000\040\000C\000o\000n\000c\000l\000u\000s\000i\000o\000n}{section*.35}% 49
\BOOKMARK [3][-]{section*.42}{\376\377\000R\000e\000f\000u\000t\000a\000t\000i\000o\000n\000\040\000b\000y\000\040\000A\000n\000a\000l\000o\000g\000y}{section*.33}% 50
\BOOKMARK [0][-]{chapter.8}{\376\377\000L\000o\000g\000i\000c\000a\000l\000\040\000F\000a\000l\000l\000a\000c\000i\000e\000s\000:\000\040\000F\000o\000r\000m\000a\000l\000\040\000a\000n\000d\000\040\000I\000n\000f\000o\000r\000m\000a\000l}{}% 51
\BOOKMARK [1][-]{section*.43}{\376\377\000F\000a\000l\000l\000a\000c\000i\000e\000s\000\040\000o\000f\000\040\000D\000i\000s\000t\000r\000a\000c\000t\000i\000o\000n}{chapter.8}% 52
\BOOKMARK [2][-]{section*.44}{\376\377\000A\000p\000p\000e\000a\000l\000\040\000t\000o\000\040\000E\000m\000o\000t\000i\000o\000n\000\040\000\050\000A\000r\000g\000u\000m\000e\000n\000t\000u\000m\000\040\000a\000d\000\040\000P\000o\000p\000u\000l\000u\000m\000\051}{section*.43}% 53
\BOOKMARK [3][-]{section*.45}{\376\377\000S\000t\000r\000a\000w\000\040\000M\000a\000n}{section*.44}% 54
\BOOKMARK [4][-]{section*.46}{\376\377\000R\000e\000d\000\040\000H\000e\000r\000r\000i\000n\000g}{section*.45}% 55
\BOOKMARK [4][-]{section*.47}{\376\377\000A\000r\000g\000u\000m\000e\000n\000t\000u\000m\000\040\000a\000d\000\040\000H\000o\000m\000i\000n\000e\000m}{section*.45}% 56
\BOOKMARK [4][-]{section*.48}{\376\377\000T\000u\000\040\000q\000u\000o\000q\000u\000e}{section*.45}% 57
\BOOKMARK [4][-]{section*.49}{\376\377\000G\000e\000n\000e\000t\000i\000c\000\040\000f\000a\000l\000l\000a\000c\000y}{section*.45}% 58
\BOOKMARK [4][-]{section*.50}{\376\377\000A\000p\000p\000e\000a\000l\000\040\000t\000o\000\040\000c\000o\000n\000s\000e\000q\000u\000e\000n\000c\000e\000s}{section*.45}% 59
\BOOKMARK [0][-]{chapter.9}{\376\377\000F\000a\000l\000l\000a\000c\000i\000e\000s\000\040\000o\000f\000\040\000W\000e\000a\000k\000\040\000I\000n\000d\000u\000c\000t\000i\000o\000n}{}% 60
\BOOKMARK [1][-]{section*.51}{\376\377\000A\000r\000g\000u\000m\000e\000n\000t\000\040\000f\000r\000o\000m\000\040\000I\000g\000n\000o\000r\000a\000n\000c\000e\000\040\000\050\000A\000r\000g\000u\000m\000e\000n\000t\000u\000m\000\040\000a\000d\000\040\000I\000g\000n\000o\000r\000a\000n\000t\000i\000a\000m\000\051}{chapter.9}% 61
\BOOKMARK [2][-]{section*.52}{\376\377\000A\000p\000p\000e\000a\000l\000\040\000t\000o\000\040\000I\000n\000a\000p\000p\000r\000o\000p\000r\000i\000a\000t\000e\000\040\000A\000u\000t\000h\000o\000r\000i\000t\000y}{section*.51}% 62
\BOOKMARK [3][-]{section*.53}{\376\377\000P\000o\000s\000t\000\040\000h\000o\000c\000\040\000e\000r\000g\000o\000\040\000p\000r\000o\000p\000t\000e\000r\000\040\000h\000o\000c}{section*.52}% 63
\BOOKMARK [3][-]{section*.54}{\376\377\000H\000a\000s\000t\000y\000\040\000G\000e\000n\000e\000r\000a\000l\000i\000z\000a\000t\000i\000o\000n}{section*.52}% 64
\BOOKMARK [3][-]{section*.55}{\376\377\000S\000l\000i\000p\000p\000e\000r\000y\000\040\000S\000l\000o\000p\000e}{section*.52}% 65
\BOOKMARK [3][-]{section*.56}{\376\377\000S\000l\000i\000p\000p\000e\000r\000y\000\040\000S\000l\000o\000p\000e}{section*.52}% 66
\BOOKMARK [4][-]{section*.57}{\376\377\000C\000o\000n\000c\000e\000p\000t\000u\000a\000l\000\040\000s\000l\000i\000p\000p\000e\000r\000y\000\040\000s\000l\000o\000p\000e}{section*.56}% 67
\BOOKMARK [4][-]{section*.58}{\376\377\000C\000a\000u\000s\000a\000l\000\040\000s\000l\000i\000p\000p\000e\000r\000y\000\040\000s\000l\000o\000p\000e\000\040\000f\000a\000l\000l\000a\000c\000y}{section*.56}% 68
\BOOKMARK [0][-]{chapter.10}{\376\377\000F\000a\000l\000l\000a\000c\000i\000e\000s\000\040\000o\000f\000\040\000I\000l\000l\000i\000c\000i\000t\000\040\000P\000r\000e\000s\000u\000m\000p\000t\000i\000o\000n}{}% 69
\BOOKMARK [1][-]{section*.59}{\376\377\000A\000c\000c\000i\000d\000e\000n\000t}{chapter.10}% 70
\BOOKMARK [2][-]{section*.60}{\376\377\000B\000e\000g\000g\000i\000n\000g\000\040\000t\000h\000e\000\040\000Q\000u\000e\000s\000t\000i\000o\000n\000\040\000\050\000P\000e\000t\000i\000t\000i\000o\000\040\000P\000r\000i\000n\000c\000i\000p\000i\000i\000\051}{section*.59}% 71
\BOOKMARK [3][-]{section*.61}{\376\377\000L\000o\000a\000d\000e\000d\000\040\000Q\000u\000e\000s\000t\000i\000o\000n\000s}{section*.60}% 72
\BOOKMARK [3][-]{section*.62}{\376\377\000F\000a\000l\000s\000e\000\040\000C\000h\000o\000i\000c\000e}{section*.60}% 73
\BOOKMARK [3][-]{section*.63}{\376\377\000C\000o\000m\000p\000o\000s\000i\000t\000i\000o\000n}{section*.60}% 74
\BOOKMARK [3][-]{section*.64}{\376\377\000D\000i\000v\000i\000s\000i\000o\000n}{section*.60}% 75
\BOOKMARK [3][-]{section*.65}{\376\377\000E\000q\000u\000i\000v\000o\000c\000a\000t\000i\000o\000n}{section*.60}% 76
\BOOKMARK [3][-]{section*.66}{\376\377\000A\000c\000c\000e\000n\000t}{section*.60}% 77
\BOOKMARK [3][-]{section*.67}{\376\377\000A\000m\000p\000h\000i\000b\000o\000l\000y}{section*.60}% 78
\BOOKMARK [0][-]{chapter.11}{\376\377\000S\000e\000n\000t\000e\000n\000t\000i\000a\000l\000\040\000L\000o\000g\000i\000c}{}% 79
\BOOKMARK [1][-]{section.11.1}{\376\377\000S\000e\000n\000t\000e\000n\000c\000e\000\040\000L\000e\000t\000t\000e\000r\000s}{chapter.11}% 80
\BOOKMARK [1][-]{section.11.2}{\376\377\000S\000e\000n\000t\000e\000n\000t\000i\000a\000l\000\040\000C\000o\000n\000n\000e\000c\000t\000i\000v\000e\000s}{chapter.11}% 81
\BOOKMARK [2][-]{section*.68}{\376\377\000N\000e\000g\000a\000t\000i\000o\000n}{section.11.2}% 82
\BOOKMARK [2][-]{section*.69}{\376\377\000C\000o\000n\000j\000u\000n\000c\000t\000i\000o\000n}{section.11.2}% 83
\BOOKMARK [2][-]{section*.70}{\376\377\000D\000i\000s\000j\000u\000n\000c\000t\000i\000o\000n}{section.11.2}% 84
\BOOKMARK [2][-]{section*.71}{\376\377\000C\000o\000n\000d\000i\000t\000i\000o\000n\000a\000l}{section.11.2}% 85
\BOOKMARK [2][-]{section*.72}{\376\377\000B\000i\000c\000o\000n\000d\000i\000t\000i\000o\000n\000a\000l}{section.11.2}% 86
\BOOKMARK [1][-]{section.11.3}{\376\377\000M\000o\000r\000e\000\040\000C\000o\000m\000p\000l\000i\000c\000a\000t\000e\000d\000\040\000T\000r\000a\000n\000s\000l\000a\000t\000i\000o\000n\000s}{chapter.11}% 87
\BOOKMARK [2][-]{section*.73}{\376\377\000C\000o\000m\000b\000i\000n\000i\000n\000g\000\040\000c\000o\000n\000n\000e\000c\000t\000i\000v\000e\000s}{section.11.3}% 88
\BOOKMARK [2][-]{section*.74}{\376\377\000U\000n\000l\000e\000s\000s}{section.11.3}% 89
\BOOKMARK [2][-]{section*.75}{\376\377\000O\000n\000l\000y}{section.11.3}% 90
\BOOKMARK [2][-]{section*.76}{\376\377\000C\000o\000m\000b\000i\000n\000i\000n\000g\000\040\000n\000e\000g\000a\000t\000i\000o\000n\000\040\000w\000i\000t\000h\000\040\000c\000o\000n\000j\000u\000n\000c\000t\000i\000o\000n\000\040\000a\000n\000d\000\040\000d\000i\000s\000j\000u\000n\000c\000t\000i\000o\000n}{section.11.3}% 91
\BOOKMARK [1][-]{section.11.4}{\376\377\000R\000e\000c\000u\000r\000s\000i\000v\000e\000\040\000S\000y\000n\000t\000a\000x\000\040\000f\000o\000r\000\040\000S\000L}{chapter.11}% 92
\BOOKMARK [2][-]{section*.77}{\376\377\000N\000o\000t\000a\000t\000i\000o\000n\000a\000l\000\040\000c\000o\000n\000v\000e\000n\000t\000i\000o\000n\000s}{section.11.4}% 93
\BOOKMARK [1][-]{section*.78}{\376\377\000P\000r\000a\000c\000t\000i\000c\000e\000\040\000E\000x\000e\000r\000c\000i\000s\000e\000s}{chapter.11}% 94
\BOOKMARK [0][-]{chapter.12}{\376\377\000T\000r\000u\